2014/04/15 10:35:21 [error] [exception.CHttpException.404] exception 'CHttpException' with message 'Unable to resolve the request "images/11-20.jpg".' in C:\xampp\htdocs\share-video\framework\web\CWebApplication.php:286
Stack trace:
#0 C:\xampp\htdocs\share-video\framework\web\CWebApplication.php(141): CWebApplication->runController('images/11-20.jp...')
#1 C:\xampp\htdocs\share-video\framework\base\CApplication.php(180): CWebApplication->processRequest()
#2 C:\xampp\htdocs\share-video\index.php(13): CApplication->run()
#3 {main}
REQUEST_URI=/share-video/images/11-20.jpg
HTTP_REFERER=http://localhost/share-video/admin/video/index
---
2014/04/15 10:35:22 [error] [exception.CHttpException.404] exception 'CHttpException' with message 'Unable to resolve the request "images/11-20.jpg".' in C:\xampp\htdocs\share-video\framework\web\CWebApplication.php:286
Stack trace:
#0 C:\xampp\htdocs\share-video\framework\web\CWebApplication.php(141): CWebApplication->runController('images/11-20.jp...')
#1 C:\xampp\htdocs\share-video\framework\base\CApplication.php(180): CWebApplication->processRequest()
#2 C:\xampp\htdocs\share-video\index.php(13): CApplication->run()
#3 {main}
REQUEST_URI=/share-video/images/11-20.jpg
HTTP_REFERER=http://localhost/share-video/admin/video/index
---
2014/04/16 13:36:14 [error] [system.db.CDbCommand] CDbCommand::fetchAll() failed: SQLSTATE[42S22]: Column not found: 1054 Unknown column 'id' in 'order clause'. The SQL statement executed was: SELECT * FROM `video` `t` ORDER BY id DESC.
in C:\xampp\htdocs\share-video\protected\controllers\admin\VideoController.php (16)
in C:\xampp\htdocs\share-video\index.php (13)
2014/04/16 13:36:14 [error] [exception.CDbException] exception 'CDbException' with message 'CDbCommand failed to execute the SQL statement: SQLSTATE[42S22]: Column not found: 1054 Unknown column 'id' in 'order clause'. The SQL statement executed was: SELECT * FROM `video` `t` ORDER BY id DESC' in C:\xampp\htdocs\share-video\framework\db\CDbCommand.php:543
Stack trace:
#0 C:\xampp\htdocs\share-video\framework\db\CDbCommand.php(396): CDbCommand->queryInternal('fetchAll', Array, Array)
#1 C:\xampp\htdocs\share-video\framework\db\ar\CActiveRecord.php(1351): CDbCommand->queryAll()
#2 C:\xampp\htdocs\share-video\framework\db\ar\CActiveRecord.php(1470): CActiveRecord->query(Object(CDbCriteria), true)
#3 C:\xampp\htdocs\share-video\protected\controllers\admin\VideoController.php(16): CActiveRecord->findAll(Object(CDbCriteria))
#4 C:\xampp\htdocs\share-video\framework\web\actions\CInlineAction.php(49): VideoController->actiongetAll()
#5 C:\xampp\htdocs\share-video\framework\web\CController.php(308): CInlineAction->runWithParams(Array)
#6 C:\xampp\htdocs\share-video\framework\web\CController.php(286): CController->runAction(Object(CInlineAction))
#7 C:\xampp\htdocs\share-video\framework\web\CController.php(265): CController->runActionWithFilters(Object(CInlineAction), Array)
#8 C:\xampp\htdocs\share-video\framework\web\CWebApplication.php(282): CController->run('getAll')
#9 C:\xampp\htdocs\share-video\framework\web\CWebApplication.php(141): CWebApplication->runController('admin/video/get...')
#10 C:\xampp\htdocs\share-video\framework\base\CApplication.php(180): CWebApplication->processRequest()
#11 C:\xampp\htdocs\share-video\index.php(13): CApplication->run()
#12 {main}
REQUEST_URI=/share-video/admin/video/getAll?filterscount=0&groupscount=0&pagenum=0&pagesize=20&recordstartindex=0&recordendindex=20&_=1397630174603
HTTP_REFERER=http://localhost/share-video/admin/video/index
---
2014/04/16 13:36:16 [error] [system.db.CDbCommand] CDbCommand::fetchAll() failed: SQLSTATE[42S22]: Column not found: 1054 Unknown column 'id' in 'order clause'. The SQL statement executed was: SELECT * FROM `video` `t` ORDER BY id DESC.
in C:\xampp\htdocs\share-video\protected\controllers\admin\VideoController.php (16)
in C:\xampp\htdocs\share-video\index.php (13)
2014/04/16 13:36:16 [error] [exception.CDbException] exception 'CDbException' with message 'CDbCommand failed to execute the SQL statement: SQLSTATE[42S22]: Column not found: 1054 Unknown column 'id' in 'order clause'. The SQL statement executed was: SELECT * FROM `video` `t` ORDER BY id DESC' in C:\xampp\htdocs\share-video\framework\db\CDbCommand.php:543
Stack trace:
#0 C:\xampp\htdocs\share-video\framework\db\CDbCommand.php(396): CDbCommand->queryInternal('fetchAll', Array, Array)
#1 C:\xampp\htdocs\share-video\framework\db\ar\CActiveRecord.php(1351): CDbCommand->queryAll()
#2 C:\xampp\htdocs\share-video\framework\db\ar\CActiveRecord.php(1470): CActiveRecord->query(Object(CDbCriteria), true)
#3 C:\xampp\htdocs\share-video\protected\controllers\admin\VideoController.php(16): CActiveRecord->findAll(Object(CDbCriteria))
#4 C:\xampp\htdocs\share-video\framework\web\actions\CInlineAction.php(49): VideoController->actiongetAll()
#5 C:\xampp\htdocs\share-video\framework\web\CController.php(308): CInlineAction->runWithParams(Array)
#6 C:\xampp\htdocs\share-video\framework\web\CController.php(286): CController->runAction(Object(CInlineAction))
#7 C:\xampp\htdocs\share-video\framework\web\CController.php(265): CController->runActionWithFilters(Object(CInlineAction), Array)
#8 C:\xampp\htdocs\share-video\framework\web\CWebApplication.php(282): CController->run('getAll')
#9 C:\xampp\htdocs\share-video\framework\web\CWebApplication.php(141): CWebApplication->runController('admin/video/get...')
#10 C:\xampp\htdocs\share-video\framework\base\CApplication.php(180): CWebApplication->processRequest()
#11 C:\xampp\htdocs\share-video\index.php(13): CApplication->run()
#12 {main}
REQUEST_URI=/share-video/admin/video/getAll?filterscount=0&groupscount=0&pagenum=0&pagesize=20&recordstartindex=0&recordendindex=20&_=1397630176024
HTTP_REFERER=http://localhost/share-video/admin/video/index
---
2014/04/16 15:09:04 [error] [exception.CException] exception 'CException' with message 'Video and its behaviors do not have a method or closure named "findById".' in C:\xampp\htdocs\share-video\framework\base\CComponent.php:266
Stack trace:
#0 C:\xampp\htdocs\share-video\framework\db\ar\CActiveRecord.php(227): CComponent->__call('findById', Array)
#1 C:\xampp\htdocs\share-video\protected\controllers\admin\VideoController.php(44): CActiveRecord->__call('findById', Array)
#2 C:\xampp\htdocs\share-video\protected\controllers\admin\VideoController.php(44): Video->findById('14')
#3 C:\xampp\htdocs\share-video\framework\web\actions\CInlineAction.php(49): VideoController->actiondeleteAll()
#4 C:\xampp\htdocs\share-video\framework\web\CController.php(308): CInlineAction->runWithParams(Array)
#5 C:\xampp\htdocs\share-video\framework\web\CController.php(286): CController->runAction(Object(CInlineAction))
#6 C:\xampp\htdocs\share-video\framework\web\CController.php(265): CController->runActionWithFilters(Object(CInlineAction), Array)
#7 C:\xampp\htdocs\share-video\framework\web\CWebApplication.php(282): CController->run('deleteAll')
#8 C:\xampp\htdocs\share-video\framework\web\CWebApplication.php(141): CWebApplication->runController('admin/video/del...')
#9 C:\xampp\htdocs\share-video\framework\base\CApplication.php(180): CWebApplication->processRequest()
#10 C:\xampp\htdocs\share-video\index.php(13): CApplication->run()
#11 {main}
REQUEST_URI=/share-video/admin/video/deleteAll
HTTP_REFERER=http://localhost/share-video/admin/video/index
---
2014/04/16 15:09:11 [error] [php] Undefined index: id (C:\xampp\htdocs\share-video\protected\controllers\admin\VideoController.php:42)
Stack trace:
#0 C:\xampp\htdocs\share-video\framework\web\CController.php(286): VideoController->runAction()
#1 C:\xampp\htdocs\share-video\framework\web\CController.php(265): VideoController->runActionWithFilters()
#2 C:\xampp\htdocs\share-video\framework\web\CWebApplication.php(282): VideoController->run()
#3 C:\xampp\htdocs\share-video\framework\web\CWebApplication.php(141): CWebApplication->runController()
#4 C:\xampp\htdocs\share-video\framework\base\CApplication.php(180): CWebApplication->processRequest()
#5 C:\xampp\htdocs\share-video\index.php(13): CWebApplication->run()
REQUEST_URI=/share-video/admin/video/deleteAll
in C:\xampp\htdocs\share-video\protected\controllers\admin\VideoController.php (42)
in C:\xampp\htdocs\share-video\index.php (13)
2014/04/16 15:09:36 [error] [exception.CException] exception 'CException' with message 'Video and its behaviors do not have a method or closure named "findById".' in C:\xampp\htdocs\share-video\framework\base\CComponent.php:266
Stack trace:
#0 C:\xampp\htdocs\share-video\framework\db\ar\CActiveRecord.php(227): CComponent->__call('findById', Array)
#1 C:\xampp\htdocs\share-video\protected\controllers\admin\VideoController.php(44): CActiveRecord->__call('findById', Array)
#2 C:\xampp\htdocs\share-video\protected\controllers\admin\VideoController.php(44): Video->findById('14')
#3 C:\xampp\htdocs\share-video\framework\web\actions\CInlineAction.php(49): VideoController->actiondeleteAll()
#4 C:\xampp\htdocs\share-video\framework\web\CController.php(308): CInlineAction->runWithParams(Array)
#5 C:\xampp\htdocs\share-video\framework\web\CController.php(286): CController->runAction(Object(CInlineAction))
#6 C:\xampp\htdocs\share-video\framework\web\CController.php(265): CController->runActionWithFilters(Object(CInlineAction), Array)
#7 C:\xampp\htdocs\share-video\framework\web\CWebApplication.php(282): CController->run('deleteAll')
#8 C:\xampp\htdocs\share-video\framework\web\CWebApplication.php(141): CWebApplication->runController('admin/video/del...')
#9 C:\xampp\htdocs\share-video\framework\base\CApplication.php(180): CWebApplication->processRequest()
#10 C:\xampp\htdocs\share-video\index.php(13): CApplication->run()
#11 {main}
REQUEST_URI=/share-video/admin/video/deleteAll
HTTP_REFERER=http://localhost/share-video/admin/video/index
---
2014/04/16 15:10:37 [error] [php] Undefined index: id (C:\xampp\htdocs\share-video\protected\controllers\admin\VideoController.php:42)
Stack trace:
#0 C:\xampp\htdocs\share-video\framework\web\CController.php(286): VideoController->runAction()
#1 C:\xampp\htdocs\share-video\framework\web\CController.php(265): VideoController->runActionWithFilters()
#2 C:\xampp\htdocs\share-video\framework\web\CWebApplication.php(282): VideoController->run()
#3 C:\xampp\htdocs\share-video\framework\web\CWebApplication.php(141): CWebApplication->runController()
#4 C:\xampp\htdocs\share-video\framework\base\CApplication.php(180): CWebApplication->processRequest()
#5 C:\xampp\htdocs\share-video\index.php(13): CWebApplication->run()
REQUEST_URI=/share-video/admin/video/deleteAll
in C:\xampp\htdocs\share-video\protected\controllers\admin\VideoController.php (42)
in C:\xampp\htdocs\share-video\index.php (13)
2014/04/16 15:18:48 [error] [php] Undefined index: id (C:\xampp\htdocs\share-video\protected\controllers\admin\VideoController.php:42)
Stack trace:
#0 C:\xampp\htdocs\share-video\framework\web\CController.php(286): VideoController->runAction()
#1 C:\xampp\htdocs\share-video\framework\web\CController.php(265): VideoController->runActionWithFilters()
#2 C:\xampp\htdocs\share-video\framework\web\CWebApplication.php(282): VideoController->run()
#3 C:\xampp\htdocs\share-video\framework\web\CWebApplication.php(141): CWebApplication->runController()
#4 C:\xampp\htdocs\share-video\framework\base\CApplication.php(180): CWebApplication->processRequest()
#5 C:\xampp\htdocs\share-video\index.php(13): CWebApplication->run()
REQUEST_URI=/share-video/admin/video/deleteAll
in C:\xampp\htdocs\share-video\protected\controllers\admin\VideoController.php (42)
in C:\xampp\htdocs\share-video\index.php (13)
2014/04/16 15:18:49 [error] [php] Undefined index: id (C:\xampp\htdocs\share-video\protected\controllers\admin\VideoController.php:42)
Stack trace:
#0 C:\xampp\htdocs\share-video\framework\web\CController.php(286): VideoController->runAction()
#1 C:\xampp\htdocs\share-video\framework\web\CController.php(265): VideoController->runActionWithFilters()
#2 C:\xampp\htdocs\share-video\framework\web\CWebApplication.php(282): VideoController->run()
#3 C:\xampp\htdocs\share-video\framework\web\CWebApplication.php(141): CWebApplication->runController()
#4 C:\xampp\htdocs\share-video\framework\base\CApplication.php(180): CWebApplication->processRequest()
#5 C:\xampp\htdocs\share-video\index.php(13): CWebApplication->run()
REQUEST_URI=/share-video/admin/video/deleteAll
in C:\xampp\htdocs\share-video\protected\controllers\admin\VideoController.php (42)
in C:\xampp\htdocs\share-video\index.php (13)
2014/04/16 15:18:49 [error] [php] Undefined index: id (C:\xampp\htdocs\share-video\protected\controllers\admin\VideoController.php:42)
Stack trace:
#0 C:\xampp\htdocs\share-video\framework\web\CController.php(286): VideoController->runAction()
#1 C:\xampp\htdocs\share-video\framework\web\CController.php(265): VideoController->runActionWithFilters()
#2 C:\xampp\htdocs\share-video\framework\web\CWebApplication.php(282): VideoController->run()
#3 C:\xampp\htdocs\share-video\framework\web\CWebApplication.php(141): CWebApplication->runController()
#4 C:\xampp\htdocs\share-video\framework\base\CApplication.php(180): CWebApplication->processRequest()
#5 C:\xampp\htdocs\share-video\index.php(13): CWebApplication->run()
REQUEST_URI=/share-video/admin/video/deleteAll
in C:\xampp\htdocs\share-video\protected\controllers\admin\VideoController.php (42)
in C:\xampp\htdocs\share-video\index.php (13)
2014/04/16 15:18:49 [error] [php] Undefined index: id (C:\xampp\htdocs\share-video\protected\controllers\admin\VideoController.php:42)
Stack trace:
#0 C:\xampp\htdocs\share-video\framework\web\CController.php(286): VideoController->runAction()
#1 C:\xampp\htdocs\share-video\framework\web\CController.php(265): VideoController->runActionWithFilters()
#2 C:\xampp\htdocs\share-video\framework\web\CWebApplication.php(282): VideoController->run()
#3 C:\xampp\htdocs\share-video\framework\web\CWebApplication.php(141): CWebApplication->runController()
#4 C:\xampp\htdocs\share-video\framework\base\CApplication.php(180): CWebApplication->processRequest()
#5 C:\xampp\htdocs\share-video\index.php(13): CWebApplication->run()
REQUEST_URI=/share-video/admin/video/deleteAll
in C:\xampp\htdocs\share-video\protected\controllers\admin\VideoController.php (42)
in C:\xampp\htdocs\share-video\index.php (13)
2014/04/16 15:18:54 [error] [php] Undefined index: id (C:\xampp\htdocs\share-video\protected\controllers\admin\VideoController.php:42)
Stack trace:
#0 C:\xampp\htdocs\share-video\framework\web\CController.php(286): VideoController->runAction()
#1 C:\xampp\htdocs\share-video\framework\web\CController.php(265): VideoController->runActionWithFilters()
#2 C:\xampp\htdocs\share-video\framework\web\CWebApplication.php(282): VideoController->run()
#3 C:\xampp\htdocs\share-video\framework\web\CWebApplication.php(141): CWebApplication->runController()
#4 C:\xampp\htdocs\share-video\framework\base\CApplication.php(180): CWebApplication->processRequest()
#5 C:\xampp\htdocs\share-video\index.php(13): CWebApplication->run()
REQUEST_URI=/share-video/admin/video/deleteAll
in C:\xampp\htdocs\share-video\protected\controllers\admin\VideoController.php (42)
in C:\xampp\htdocs\share-video\index.php (13)
2014/04/17 10:29:37 [error] [php] Undefined index: id (C:\xampp\htdocs\share-video\protected\controllers\admin\VideoController.php:44)
Stack trace:
#0 C:\xampp\htdocs\share-video\framework\web\CController.php(286): VideoController->runAction()
#1 C:\xampp\htdocs\share-video\framework\web\CController.php(265): VideoController->runActionWithFilters()
#2 C:\xampp\htdocs\share-video\framework\web\CWebApplication.php(282): VideoController->run()
#3 C:\xampp\htdocs\share-video\framework\web\CWebApplication.php(141): CWebApplication->runController()
#4 C:\xampp\htdocs\share-video\framework\base\CApplication.php(180): CWebApplication->processRequest()
#5 C:\xampp\htdocs\share-video\index.php(13): CWebApplication->run()
REQUEST_URI=/share-video/admin/video/deleteAll
in C:\xampp\htdocs\share-video\protected\controllers\admin\VideoController.php (44)
in C:\xampp\htdocs\share-video\index.php (13)
2014/04/17 10:29:38 [error] [php] Undefined index: id (C:\xampp\htdocs\share-video\protected\controllers\admin\VideoController.php:44)
Stack trace:
#0 C:\xampp\htdocs\share-video\framework\web\CController.php(286): VideoController->runAction()
#1 C:\xampp\htdocs\share-video\framework\web\CController.php(265): VideoController->runActionWithFilters()
#2 C:\xampp\htdocs\share-video\framework\web\CWebApplication.php(282): VideoController->run()
#3 C:\xampp\htdocs\share-video\framework\web\CWebApplication.php(141): CWebApplication->runController()
#4 C:\xampp\htdocs\share-video\framework\base\CApplication.php(180): CWebApplication->processRequest()
#5 C:\xampp\htdocs\share-video\index.php(13): CWebApplication->run()
REQUEST_URI=/share-video/admin/video/deleteAll
in C:\xampp\htdocs\share-video\protected\controllers\admin\VideoController.php (44)
in C:\xampp\htdocs\share-video\index.php (13)
2014/04/17 13:01:48 [error] [php] Undefined index: id (C:\xampp\htdocs\share-video\protected\controllers\admin\VideoController.php:44)
Stack trace:
#0 C:\xampp\htdocs\share-video\framework\web\CController.php(286): VideoController->runAction()
#1 C:\xampp\htdocs\share-video\framework\web\CController.php(265): VideoController->runActionWithFilters()
#2 C:\xampp\htdocs\share-video\framework\web\CWebApplication.php(282): VideoController->run()
#3 C:\xampp\htdocs\share-video\framework\web\CWebApplication.php(141): CWebApplication->runController()
#4 C:\xampp\htdocs\share-video\framework\base\CApplication.php(180): CWebApplication->processRequest()
#5 C:\xampp\htdocs\share-video\index.php(13): CWebApplication->run()
REQUEST_URI=/share-video/admin/video/deleteAll
in C:\xampp\htdocs\share-video\protected\controllers\admin\VideoController.php (44)
in C:\xampp\htdocs\share-video\index.php (13)
2014/04/17 13:01:49 [error] [php] Undefined index: id (C:\xampp\htdocs\share-video\protected\controllers\admin\VideoController.php:44)
Stack trace:
#0 C:\xampp\htdocs\share-video\framework\web\CController.php(286): VideoController->runAction()
#1 C:\xampp\htdocs\share-video\framework\web\CController.php(265): VideoController->runActionWithFilters()
#2 C:\xampp\htdocs\share-video\framework\web\CWebApplication.php(282): VideoController->run()
#3 C:\xampp\htdocs\share-video\framework\web\CWebApplication.php(141): CWebApplication->runController()
#4 C:\xampp\htdocs\share-video\framework\base\CApplication.php(180): CWebApplication->processRequest()
#5 C:\xampp\htdocs\share-video\index.php(13): CWebApplication->run()
REQUEST_URI=/share-video/admin/video/deleteAll
in C:\xampp\htdocs\share-video\protected\controllers\admin\VideoController.php (44)
in C:\xampp\htdocs\share-video\index.php (13)
2014/04/17 13:01:49 [error] [php] Undefined index: id (C:\xampp\htdocs\share-video\protected\controllers\admin\VideoController.php:44)
Stack trace:
#0 C:\xampp\htdocs\share-video\framework\web\CController.php(286): VideoController->runAction()
#1 C:\xampp\htdocs\share-video\framework\web\CController.php(265): VideoController->runActionWithFilters()
#2 C:\xampp\htdocs\share-video\framework\web\CWebApplication.php(282): VideoController->run()
#3 C:\xampp\htdocs\share-video\framework\web\CWebApplication.php(141): CWebApplication->runController()
#4 C:\xampp\htdocs\share-video\framework\base\CApplication.php(180): CWebApplication->processRequest()
#5 C:\xampp\htdocs\share-video\index.php(13): CWebApplication->run()
REQUEST_URI=/share-video/admin/video/deleteAll
in C:\xampp\htdocs\share-video\protected\controllers\admin\VideoController.php (44)
in C:\xampp\htdocs\share-video\index.php (13)
2014/04/17 13:01:49 [error] [php] Undefined index: id (C:\xampp\htdocs\share-video\protected\controllers\admin\VideoController.php:44)
Stack trace:
#0 C:\xampp\htdocs\share-video\framework\web\CController.php(286): VideoController->runAction()
#1 C:\xampp\htdocs\share-video\framework\web\CController.php(265): VideoController->runActionWithFilters()
#2 C:\xampp\htdocs\share-video\framework\web\CWebApplication.php(282): VideoController->run()
#3 C:\xampp\htdocs\share-video\framework\web\CWebApplication.php(141): CWebApplication->runController()
#4 C:\xampp\htdocs\share-video\framework\base\CApplication.php(180): CWebApplication->processRequest()
#5 C:\xampp\htdocs\share-video\index.php(13): CWebApplication->run()
REQUEST_URI=/share-video/admin/video/deleteAll
in C:\xampp\htdocs\share-video\protected\controllers\admin\VideoController.php (44)
in C:\xampp\htdocs\share-video\index.php (13)
2014/04/17 13:01:49 [error] [php] Undefined index: id (C:\xampp\htdocs\share-video\protected\controllers\admin\VideoController.php:44)
Stack trace:
#0 C:\xampp\htdocs\share-video\framework\web\CController.php(286): VideoController->runAction()
#1 C:\xampp\htdocs\share-video\framework\web\CController.php(265): VideoController->runActionWithFilters()
#2 C:\xampp\htdocs\share-video\framework\web\CWebApplication.php(282): VideoController->run()
#3 C:\xampp\htdocs\share-video\framework\web\CWebApplication.php(141): CWebApplication->runController()
#4 C:\xampp\htdocs\share-video\framework\base\CApplication.php(180): CWebApplication->processRequest()
#5 C:\xampp\htdocs\share-video\index.php(13): CWebApplication->run()
REQUEST_URI=/share-video/admin/video/deleteAll
in C:\xampp\htdocs\share-video\protected\controllers\admin\VideoController.php (44)
in C:\xampp\htdocs\share-video\index.php (13)
2014/04/17 13:01:49 [error] [php] Undefined index: id (C:\xampp\htdocs\share-video\protected\controllers\admin\VideoController.php:44)
Stack trace:
#0 C:\xampp\htdocs\share-video\framework\web\CController.php(286): VideoController->runAction()
#1 C:\xampp\htdocs\share-video\framework\web\CController.php(265): VideoController->runActionWithFilters()
#2 C:\xampp\htdocs\share-video\framework\web\CWebApplication.php(282): VideoController->run()
#3 C:\xampp\htdocs\share-video\framework\web\CWebApplication.php(141): CWebApplication->runController()
#4 C:\xampp\htdocs\share-video\framework\base\CApplication.php(180): CWebApplication->processRequest()
#5 C:\xampp\htdocs\share-video\index.php(13): CWebApplication->run()
REQUEST_URI=/share-video/admin/video/deleteAll
in C:\xampp\htdocs\share-video\protected\controllers\admin\VideoController.php (44)
in C:\xampp\htdocs\share-video\index.php (13)
2014/04/17 13:01:54 [error] [php] Undefined index: id (C:\xampp\htdocs\share-video\protected\controllers\admin\VideoController.php:44)
Stack trace:
#0 C:\xampp\htdocs\share-video\framework\web\CController.php(286): VideoController->runAction()
#1 C:\xampp\htdocs\share-video\framework\web\CController.php(265): VideoController->runActionWithFilters()
#2 C:\xampp\htdocs\share-video\framework\web\CWebApplication.php(282): VideoController->run()
#3 C:\xampp\htdocs\share-video\framework\web\CWebApplication.php(141): CWebApplication->runController()
#4 C:\xampp\htdocs\share-video\framework\base\CApplication.php(180): CWebApplication->processRequest()
#5 C:\xampp\htdocs\share-video\index.php(13): CWebApplication->run()
REQUEST_URI=/share-video/admin/video/deleteAll
in C:\xampp\htdocs\share-video\protected\controllers\admin\VideoController.php (44)
in C:\xampp\htdocs\share-video\index.php (13)
2014/04/17 13:01:55 [error] [php] Undefined index: id (C:\xampp\htdocs\share-video\protected\controllers\admin\VideoController.php:44)
Stack trace:
#0 C:\xampp\htdocs\share-video\framework\web\CController.php(286): VideoController->runAction()
#1 C:\xampp\htdocs\share-video\framework\web\CController.php(265): VideoController->runActionWithFilters()
#2 C:\xampp\htdocs\share-video\framework\web\CWebApplication.php(282): VideoController->run()
#3 C:\xampp\htdocs\share-video\framework\web\CWebApplication.php(141): CWebApplication->runController()
#4 C:\xampp\htdocs\share-video\framework\base\CApplication.php(180): CWebApplication->processRequest()
#5 C:\xampp\htdocs\share-video\index.php(13): CWebApplication->run()
REQUEST_URI=/share-video/admin/video/deleteAll
in C:\xampp\htdocs\share-video\protected\controllers\admin\VideoController.php (44)
in C:\xampp\htdocs\share-video\index.php (13)
2014/04/17 13:01:56 [error] [php] Undefined index: id (C:\xampp\htdocs\share-video\protected\controllers\admin\VideoController.php:44)
Stack trace:
#0 C:\xampp\htdocs\share-video\framework\web\CController.php(286): VideoController->runAction()
#1 C:\xampp\htdocs\share-video\framework\web\CController.php(265): VideoController->runActionWithFilters()
#2 C:\xampp\htdocs\share-video\framework\web\CWebApplication.php(282): VideoController->run()
#3 C:\xampp\htdocs\share-video\framework\web\CWebApplication.php(141): CWebApplication->runController()
#4 C:\xampp\htdocs\share-video\framework\base\CApplication.php(180): CWebApplication->processRequest()
#5 C:\xampp\htdocs\share-video\index.php(13): CWebApplication->run()
REQUEST_URI=/share-video/admin/video/deleteAll
in C:\xampp\htdocs\share-video\protected\controllers\admin\VideoController.php (44)
in C:\xampp\htdocs\share-video\index.php (13)
2014/04/17 13:01:57 [error] [php] Undefined index: id (C:\xampp\htdocs\share-video\protected\controllers\admin\VideoController.php:44)
Stack trace:
#0 C:\xampp\htdocs\share-video\framework\web\CController.php(286): VideoController->runAction()
#1 C:\xampp\htdocs\share-video\framework\web\CController.php(265): VideoController->runActionWithFilters()
#2 C:\xampp\htdocs\share-video\framework\web\CWebApplication.php(282): VideoController->run()
#3 C:\xampp\htdocs\share-video\framework\web\CWebApplication.php(141): CWebApplication->runController()
#4 C:\xampp\htdocs\share-video\framework\base\CApplication.php(180): CWebApplication->processRequest()
#5 C:\xampp\htdocs\share-video\index.php(13): CWebApplication->run()
REQUEST_URI=/share-video/admin/video/deleteAll
in C:\xampp\htdocs\share-video\protected\controllers\admin\VideoController.php (44)
in C:\xampp\htdocs\share-video\index.php (13)
2014/04/17 14:41:57 [error] [php] Undefined index: id (C:\xampp\htdocs\share-video\protected\controllers\admin\VideoController.php:44)
Stack trace:
#0 C:\xampp\htdocs\share-video\framework\web\CController.php(286): VideoController->runAction()
#1 C:\xampp\htdocs\share-video\framework\web\CController.php(265): VideoController->runActionWithFilters()
#2 C:\xampp\htdocs\share-video\framework\web\CWebApplication.php(282): VideoController->run()
#3 C:\xampp\htdocs\share-video\framework\web\CWebApplication.php(141): CWebApplication->runController()
#4 C:\xampp\htdocs\share-video\framework\base\CApplication.php(180): CWebApplication->processRequest()
#5 C:\xampp\htdocs\share-video\index.php(13): CWebApplication->run()
REQUEST_URI=/share-video/admin/video/deleteAll
in C:\xampp\htdocs\share-video\protected\controllers\admin\VideoController.php (44)
in C:\xampp\htdocs\share-video\index.php (13)
2014/04/17 15:26:16 [error] [php] Undefined index: id (C:\xampp\htdocs\share-video\protected\controllers\admin\VideoController.php:44)
Stack trace:
#0 C:\xampp\htdocs\share-video\framework\web\CController.php(286): VideoController->runAction()
#1 C:\xampp\htdocs\share-video\framework\web\CController.php(265): VideoController->runActionWithFilters()
#2 C:\xampp\htdocs\share-video\framework\web\CWebApplication.php(282): VideoController->run()
#3 C:\xampp\htdocs\share-video\framework\web\CWebApplication.php(141): CWebApplication->runController()
#4 C:\xampp\htdocs\share-video\framework\base\CApplication.php(180): CWebApplication->processRequest()
#5 C:\xampp\htdocs\share-video\index.php(13): CWebApplication->run()
REQUEST_URI=/share-video/admin/video/deleteAll
in C:\xampp\htdocs\share-video\protected\controllers\admin\VideoController.php (44)
in C:\xampp\htdocs\share-video\index.php (13)
